<?xml version="1.0" encoding="UTF-8"?>
<!-- Generated by org.testng.reporters.JUnitReportReporter -->
<testsuite skipped="0" hostname="IMRAN-PC" name="com.bitm.SeleniumOnlineProject2.Test.LoginTest" tests="2" failures="0" timestamp="2022-04-07T22:57:22 BDT" time="21.563" errors="0">
  <testcase name="CheckLoginPageTitle" time="14.615" classname="com.bitm.SeleniumOnlineProject2.Test.LoginTest"/>
  <system-out/>
  <testcase name="Logintest" time="6.948" classname="com.bitm.SeleniumOnlineProject2.Test.LoginTest"/>
  <system-out/>
</testsuite> <!-- com.bitm.SeleniumOnlineProject2.Test.LoginTest -->
