<?xml version="1.0" encoding="UTF-8"?>
<!-- Generated by org.testng.reporters.JUnitReportReporter -->
<testsuite skipped="0" hostname="IMRAN-PC" name="com.bitm.SeleniumOnlineProject2.Utils.DriverManager" tests="2" failures="0" timestamp="2020-10-03T22:00:28 BDT" time="0.011" errors="0">
  <testcase name="test3" time="0.008" classname="com.bitm.SeleniumOnlineProject2.Utils.DriverManager"/>
  <system-out/>
  <testcase name="test1" time="0.003" classname="com.bitm.SeleniumOnlineProject2.Utils.DriverManager"/>
  <system-out/>
</testsuite> <!-- com.bitm.SeleniumOnlineProject2.Utils.DriverManager -->
