<?xml version="1.0" encoding="UTF-8"?>
<!-- Generated by org.testng.reporters.JUnitReportReporter -->
<testsuite skipped="0" hostname="IMRAN-PC" name="com.bitm.SeleniumOnlineProject2.Test.LoginTest" tests="2" failures="0" timestamp="2020-10-04T20:50:43 BDT" time="12.474" errors="0">
  <testcase name="CheckLoginPageTitle" time="9.250" classname="com.bitm.SeleniumOnlineProject2.Test.LoginTest"/>
  <system-out/>
  <testcase name="Logintest" time="3.224" classname="com.bitm.SeleniumOnlineProject2.Test.LoginTest"/>
  <system-out/>
</testsuite> <!-- com.bitm.SeleniumOnlineProject2.Test.LoginTest -->
