<?xml version="1.0" encoding="UTF-8"?>
<!-- Generated by org.testng.reporters.JUnitReportReporter -->
<testsuite skipped="0" hostname="IMRAN-PC" name="com.bitm.SeleniumOnlineProject2.Test.LoginTest" tests="2" failures="0" timestamp="2020-10-11T21:31:19 BDT" time="29.591" errors="0">
  <testcase name="Logintest" time="18.247" classname="com.bitm.SeleniumOnlineProject2.Test.LoginTest"/>
  <system-out/>
  <testcase name="CheckLoginPageTitle" time="11.344" classname="com.bitm.SeleniumOnlineProject2.Test.LoginTest"/>
  <system-out/>
</testsuite> <!-- com.bitm.SeleniumOnlineProject2.Test.LoginTest -->
